Arguments: 
  C:\Program Files\nodejs\node.exe C:\Users\ACER\AppData\Roaming\npm\node_modules\yarn\bin\yarn.js add react-icons

PATH: 
  ;C:\Program Files\Common Files\Oracle\Java\javapath;C:\Windows\system32;C:\Windows;C:\Windows\System32\Wbem;C:\Windows\System32\WindowsPowerShell\v1.0\;C:\Windows\System32\OpenSSH\;C:\Program Files (x86)\NVIDIA Corporation\PhysX\Common;C:\Program Files\NVIDIA Corporation\NVIDIA NvDLISR;C:\Program Files\nodejs\;D:\Dart\dart-sdk\bin;C:\Program Files\Git\cmd;C:\Program Files\dotnet\;C:\Program Files (x86)\dotnet\;C:\Program Files\Geth;C:\Users\ACER\AppData\Local\Microsoft\WindowsApps;C:\Users\ACER\AppData\Local\Programs\Microsoft VS Code\bin;C:\flutter\bin;C:\Users\ACER\AppData\Roaming\npm;C:\flutter;C:\Users\ACER\.dotnet\tools

Yarn version: 
  1.22.17

Node version: 
  14.18.1

Platform: 
  win32 x64

Trace: 
  Error: EPERM: operation not permitted, unlink 'D:\blockchain\marketplace\node_modules\utf-8-validate\prebuilds\win32-x64\node.napi.node'

npm manifest: 
  {
    "name": "marketplace",
    "version": "0.1.0",
    "private": true,
  
    "dependencies": {
      "@testing-library/jest-dom": "^5.11.8",
      "@testing-library/react": "^11.2.3",
      "@testing-library/user-event": "^12.6.0",
      "axios": "^0.24.0",
      "bootstrap": "^4.6.1",
      "dotenv": "^16.0.0",
      "express": "^4.17.2",
      "gridfs-stream": "^1.1.1",
      "mongoose": "^6.2.0",
      "multer": "^1.4.4",
      "multer-gridfs-storage": "^5.0.2",
      "nodemon": "^2.0.15",
      "qrcode.react": "^1.0.1",
      "react": "^17.0.1",
      "react-bootstrap": "^1.4.3",
      "react-dom": "^17.0.1",
      "react-file-base64": "^1.0.3",
      "react-hook-use-state": "^1.1.0",
      "react-hooks": "^1.0.1",
      "react-router-dom": "^5.3.0",
      "react-scripts": "4.0.1",
      "reactstrap": "^8.8.1",
      "superagent": "^7.0.2",
      "truffle": "^5.1.60",
      "use-state-effect": "^1.0.1",
      "web-vitals": "^0.2.4",
      "web3": "^1.3.1"
    },
    "scripts": {
      "start": "react-scripts start",
      "build": "react-scripts build",
      "test": "react-scripts test",
      "eject": "react-scripts eject"
    },
    "eslintConfig": {
      "extends": [
        "react-app",
        "react-app/jest"
      ]
    },
    "browserslist": {
      "production": [
        ">0.2%",
        "not dead",
        "not op_mini all"
      ],
      "development": [
        "last 1 chrome version",
        "last 1 firefox version",
        "last 1 safari version"
      ]
    },
    "devDependencies": {
      "chai": "^4.2.0",
      "chai-as-promised": "^7.1.1"
    },
    "description": "Marketplace dapp is built on top of Ethereum ecosystem and allows users with a MetaMask wallet to add products to the market as well as purchase products from the market. The benefit of this dapp is that it connects buyers directly with the sellers, whilst maitaining privacy, transparency and secure & fast payments with Ether.",
    "main": "truffle-config.js",
    "directories": {
      "test": "test"
    },
    "keywords": [],
    "author": "",
    "license": "ISC"
  }

yarn manifest: 
  No manifest

Lockfile: 
  No lockfile
